2024.11.16 11:11:52 INFO  Started: Metals version 1.4.1 in folders 'C:\Users\Nakamarts\Documents\ESGI\spark-streaming' for client Visual Studio Code 1.95.3.
2024.11.16 11:11:54 WARN  Flyway upgrade recommended: H2 2.3.232 is newer than this version of Flyway and support has not been tested. The latest supported version of H2 is 2.2.224.
2024.11.16 11:14:24 INFO  Shutting down server
2024.11.16 11:14:24 INFO  shutting down Metals
2024.11.16 11:14:24 ERROR Unexpected error initializing server: 
org.eclipse.lsp4j.jsonrpc.ResponseErrorException: Request window/showMessageRequest failed with message: Canceled
	at org.eclipse.lsp4j.jsonrpc.RemoteEndpoint.handleResponse(RemoteEndpoint.java:220)
	at org.eclipse.lsp4j.jsonrpc.RemoteEndpoint.consume(RemoteEndpoint.java:204)
	at org.eclipse.lsp4j.jsonrpc.json.StreamMessageProducer.handleMessage(StreamMessageProducer.java:185)
	at org.eclipse.lsp4j.jsonrpc.json.StreamMessageProducer.listen(StreamMessageProducer.java:97)
	at org.eclipse.lsp4j.jsonrpc.json.ConcurrentMessageProcessor.run(ConcurrentMessageProcessor.java:114)
	at java.util.concurrent.Executors$RunnableAdapter.call(Executors.java:572)
	at java.util.concurrent.FutureTask.run(FutureTask.java:317)
	at java.util.concurrent.ThreadPoolExecutor.runWorker(ThreadPoolExecutor.java:1144)
	at java.util.concurrent.ThreadPoolExecutor$Worker.run(ThreadPoolExecutor.java:642)
	at java.lang.Thread.run(Thread.java:1575)

2024.11.16 11:14:24 INFO  Exiting server
2024.11.16 11:14:43 INFO  Started: Metals version 1.4.1 in folders 'C:\Users\Nakamarts\Documents\ESGI\spark-streaming' for client Visual Studio Code 1.95.3.
2024.11.16 11:14:45 WARN  Flyway upgrade recommended: H2 2.3.232 is newer than this version of Flyway and support has not been tested. The latest supported version of H2 is 2.2.224.
nov. 16, 2024 11:23:20 AM org.eclipse.lsp4j.jsonrpc.services.GenericEndpoint notify
INFO: Unsupported notification method: $/setTrace
2024.11.16 13:19:37 INFO  Started: Metals version 1.4.1 in folders 'C:\Users\Nakamarts\Documents\ESGI\spark-streaming' for client Visual Studio Code 1.95.3.
2024.11.16 13:19:43 WARN  Flyway upgrade recommended: H2 2.3.232 is newer than this version of Flyway and support has not been tested. The latest supported version of H2 is 2.2.224.
2024.11.16 13:53:59 INFO  Shutting down server
2024.11.16 13:53:59 INFO  shutting down Metals
2024.11.16 13:53:59 INFO  Exiting server
2024.11.16 13:54:21 INFO  Started: Metals version 1.4.1 in folders 'C:\Users\Nakamarts\Documents\ESGI\spark-streaming' for client Visual Studio Code 1.95.3.
2024.11.16 13:54:23 WARN  Flyway upgrade recommended: H2 2.3.232 is newer than this version of Flyway and support has not been tested. The latest supported version of H2 is 2.2.224.
2024.11.16 13:54:27 INFO  running 'C:\Program Files\Java\jdk-23\bin\java.exe -Djline.terminal=jline.UnsupportedTerminal -Dsbt.log.noformat=true -Dfile.encoding=UTF-8 -jar C:\Users\NAKAMA~1\AppData\Local\Temp\metals8576907515825299290\sbt-launch.jar -Dbloop.export-jar-classifiers=sources bloopInstall'
2024.11.16 13:54:28 ERROR [info] [launcher] getting org.scala-sbt sbt 1.10.5  (this may take some time)...
2024.11.16 13:54:38 ERROR [info] [launcher] getting Scala 2.12.20 (for sbt)...
2024.11.16 13:54:41 INFO  [info] welcome to sbt 1.10.5 (Oracle Corporation Java 23.0.1)
2024.11.16 13:54:47 INFO  [info] loading settings for project spark-streaming-build-build-build from metals.sbt ...
2024.11.16 13:54:48 INFO  [info] loading project definition from C:\Users\Nakamarts\Documents\ESGI\spark-streaming\project\project\project
2024.11.16 13:54:56 INFO  [info] loading settings for project spark-streaming-build-build from metals.sbt ...
2024.11.16 13:54:56 INFO  [info] loading project definition from C:\Users\Nakamarts\Documents\ESGI\spark-streaming\project\project
2024.11.16 13:55:09 INFO  [success] Generated .bloop\spark-streaming-build-build.json
2024.11.16 13:55:09 INFO  [success] Total time: 12 s, completed 16 nov. 2024, 13:55:09
2024.11.16 13:55:14 INFO  [info] loading settings for project spark-streaming-build from metals.sbt,plugins.sbt ...
2024.11.16 13:55:16 INFO  [info] loading project definition from C:\Users\Nakamarts\Documents\ESGI\spark-streaming\project
2024.11.16 13:55:24 INFO  [success] Generated .bloop\spark-streaming-build.json
2024.11.16 13:55:24 INFO  [success] Total time: 8 s, completed 16 nov. 2024, 13:55:24
2024.11.16 13:55:32 INFO  [info] loading settings for project root from build.sbt ...
2024.11.16 13:55:32 INFO  [info] set current project to TrackABoat (in build file:/C:/Users/Nakamarts/Documents/ESGI/spark-streaming/)
2024.11.16 13:55:32 INFO  [warn] there's a key that's not used by any other settings/tasks:
2024.11.16 13:55:32 INFO  [warn]  
2024.11.16 13:55:32 INFO  [warn] * root / idePackagePrefix
2024.11.16 13:55:32 INFO  [warn]   +- C:\Users\Nakamarts\Documents\ESGI\spark-streaming\build.sbt:8
2024.11.16 13:55:32 INFO  [warn]  
2024.11.16 13:55:32 INFO  [warn] note: a setting might still be used by a command; to exclude a key from this `lintUnused` check
2024.11.16 13:55:32 INFO  [warn] either append it to `Global / excludeLintKeys` or call .withRank(KeyRanks.Invisible) on the key
2024.11.16 13:56:01 INFO  [success] Generated .bloop\root-test.json
2024.11.16 13:56:01 INFO  [success] Generated .bloop\root.json
2024.11.16 13:56:01 INFO  [success] Total time: 28 s, completed 16 nov. 2024, 13:56:01
2024.11.16 13:56:02 INFO  time: ran 'sbt bloopInstall' in 1m34s
2024.11.16 13:56:02 INFO  Attempting to connect to the build server...
2024.11.16 13:56:02 INFO  No running Bloop server found, starting one.
2024.11.16 13:56:10 INFO  Starting compilation server
2024.11.16 13:56:14 INFO  tracing is disabled for protocol BSP, to enable tracing of incoming and outgoing JSON messages create an empty file at C:\Users\Nakamarts\Documents\ESGI\spark-streaming\.metals\bsp.trace.json or C:\Users\Nakamarts\AppData\Local\scalameta\metals\cache\bsp.trace.json
2024.11.16 13:56:19 INFO  Attempting to connect to the build server...
2024.11.16 13:56:19 INFO  Found a Bloop server running
2024.11.16 13:56:19 INFO  Attempting to connect to the build server...
2024.11.16 13:56:19 INFO  Found a Bloop server running
2024.11.16 13:56:20 INFO  tracing is disabled for protocol BSP, to enable tracing of incoming and outgoing JSON messages create an empty file at C:\Users\Nakamarts\Documents\ESGI\spark-streaming\project\.metals\bsp.trace.json or C:\Users\Nakamarts\AppData\Local\scalameta\metals\cache\bsp.trace.json
2024.11.16 13:56:20 INFO  tracing is disabled for protocol BSP, to enable tracing of incoming and outgoing JSON messages create an empty file at C:\Users\Nakamarts\Documents\ESGI\spark-streaming\project\project\.metals\bsp.trace.json or C:\Users\Nakamarts\AppData\Local\scalameta\metals\cache\bsp.trace.json
2024.11.16 13:56:21 INFO  time: Connected to build server in 19s
2024.11.16 13:56:21 INFO  Connected to Build server: Bloop v2.0.5
2024.11.16 13:56:22 INFO  time: Imported build in 0.72s
2024.11.16 13:56:22 INFO  running doctor check
2024.11.16 13:56:22 INFO  java targets: root, root-test, spark-streaming-build, spark-streaming-build-build
2024.11.16 13:56:50 WARN  Flyway upgrade recommended: H2 2.3.232 is newer than this version of Flyway and support has not been tested. The latest supported version of H2 is 2.2.224.
2024.11.16 13:58:00 INFO  time: indexed workspace in 1m38s
nov. 16, 2024 2:36:54 PM org.eclipse.lsp4j.jsonrpc.services.GenericEndpoint notify
INFO: Unsupported notification method: $/setTrace
2024.11.16 14:37:14 INFO  compiling root (3 scala sources)
2024.11.16 14:37:21 WARN  1 deprecation (since 2.13.3)
2024.11.16 14:37:21 WARN  1 deprecation (since Spark 3.4.0)
2024.11.16 14:37:21 WARN  2 deprecations in total; re-run with -deprecation for details
2024.11.16 14:37:22 INFO  time: compiled root in 8.02s
2024.11.20 18:16:44 INFO  Started: Metals version 1.4.1 in folders 'C:\Users\Nakamarts\Documents\ESGI\spark-streaming' for client Visual Studio Code 1.95.3.
2024.11.20 18:16:50 WARN  Flyway upgrade recommended: H2 2.3.232 is newer than this version of Flyway and support has not been tested. The latest supported version of H2 is 2.2.224.
2024.11.20 18:16:50 INFO  Attempting to connect to the build server...
2024.11.20 18:16:50 INFO  No running Bloop server found, starting one.
2024.11.20 18:16:54 INFO  Starting compilation server
2024.11.20 18:16:57 INFO  tracing is disabled for protocol BSP, to enable tracing of incoming and outgoing JSON messages create an empty file at C:\Users\Nakamarts\Documents\ESGI\spark-streaming\.metals\bsp.trace.json or C:\Users\Nakamarts\AppData\Local\scalameta\metals\cache\bsp.trace.json
2024.11.20 18:16:59 INFO  Attempting to connect to the build server...
2024.11.20 18:16:59 INFO  Found a Bloop server running
2024.11.20 18:16:59 INFO  Attempting to connect to the build server...
2024.11.20 18:16:59 INFO  Found a Bloop server running
nov. 20, 2024 6:16:59 PM org.eclipse.lsp4j.jsonrpc.services.GenericEndpoint notify
INFO: Unsupported notification method: $/setTrace
2024.11.20 18:17:00 INFO  tracing is disabled for protocol BSP, to enable tracing of incoming and outgoing JSON messages create an empty file at C:\Users\Nakamarts\Documents\ESGI\spark-streaming\project\.metals\bsp.trace.json or C:\Users\Nakamarts\AppData\Local\scalameta\metals\cache\bsp.trace.json
2024.11.20 18:17:00 INFO  tracing is disabled for protocol BSP, to enable tracing of incoming and outgoing JSON messages create an empty file at C:\Users\Nakamarts\Documents\ESGI\spark-streaming\project\project\.metals\bsp.trace.json or C:\Users\Nakamarts\AppData\Local\scalameta\metals\cache\bsp.trace.json
2024.11.20 18:17:00 INFO  time: Connected to build server in 9.55s
2024.11.20 18:17:00 INFO  Connected to Build server: Bloop v2.0.5
2024.11.20 18:17:01 INFO  time: Imported build in 0.51s
2024.11.20 18:17:01 INFO  running doctor check
2024.11.20 18:17:01 INFO  java targets: root, root-test, spark-streaming-build, spark-streaming-build-build
2024.11.20 18:17:09 INFO  compiling root (3 scala sources)
2024.11.20 18:17:14 WARN  Flyway upgrade recommended: H2 2.3.232 is newer than this version of Flyway and support has not been tested. The latest supported version of H2 is 2.2.224.
2024.11.20 18:17:16 WARN  1 deprecation (since 2.13.3)
2024.11.20 18:17:16 WARN  1 deprecation (since Spark 3.4.0)
2024.11.20 18:17:16 WARN  2 deprecations in total; re-run with -deprecation for details
2024.11.20 18:17:16 INFO  time: compiled root in 7.76s
2024.11.20 18:17:20 INFO  time: indexed workspace in 19s
